app/build/intermediates/manifest_merge_blame_file/debug/manifest-merger-blame-debug-report.txt
1<?xml version="1.0" encoding="utf-8"?>
2<manifest xmlns:android="http://schemas.android.com/apk/res/android"
3    package="com.memorytag.app"
4    android:versionCode="3"
5    android:versionName="3.0" >
6
7    <uses-sdk
8        android:minSdkVersion="26"
9        android:targetSdkVersion="34" />
10
11    <!-- Permissions NFC -->
12    <uses-permission android:name="android.permission.NFC" />
12-->src/main/AndroidManifest.xml:6:5-62
12-->src/main/AndroidManifest.xml:6:22-59
13    <uses-permission android:name="android.permission.VIBRATE" />
13-->src/main/AndroidManifest.xml:7:5-66
13-->src/main/AndroidManifest.xml:7:22-63
14    <uses-permission android:name="android.permission.INTERNET" />
14-->src/main/AndroidManifest.xml:8:5-67
14-->src/main/AndroidManifest.xml:8:22-64
15    <uses-permission android:name="android.permission.ACCESS_NETWORK_STATE" />
15-->src/main/AndroidManifest.xml:9:5-79
15-->src/main/AndroidManifest.xml:9:22-76
16
17    <!-- Requiert un hardware NFC -->
18    <uses-feature
18-->src/main/AndroidManifest.xml:12:5-14:35
19        android:name="android.hardware.nfc"
19-->src/main/AndroidManifest.xml:13:9-44
20        android:required="true" />
20-->src/main/AndroidManifest.xml:14:9-32
21
22    <uses-permission android:name="android.permission.WAKE_LOCK" />
22-->[com.google.android.gms:play-services-measurement-api:21.5.1] AndroidManifest.xml:24:5-68
22-->[com.google.android.gms:play-services-measurement-api:21.5.1] AndroidManifest.xml:24:22-65
23    <uses-permission android:name="com.google.android.gms.permission.AD_ID" />
23-->[com.google.android.gms:play-services-measurement-api:21.5.1] AndroidManifest.xml:25:5-79
23-->[com.google.android.gms:play-services-measurement-api:21.5.1] AndroidManifest.xml:25:22-76
24    <uses-permission android:name="android.permission.ACCESS_ADSERVICES_ATTRIBUTION" />
24-->[com.google.android.gms:play-services-measurement-api:21.5.1] AndroidManifest.xml:26:5-88
24-->[com.google.android.gms:play-services-measurement-api:21.5.1] AndroidManifest.xml:26:22-85
25    <uses-permission android:name="android.permission.ACCESS_ADSERVICES_AD_ID" />
25-->[com.google.android.gms:play-services-measurement-api:21.5.1] AndroidManifest.xml:27:5-82
25-->[com.google.android.gms:play-services-measurement-api:21.5.1] AndroidManifest.xml:27:22-79
26    <uses-permission android:name="com.google.android.finsky.permission.BIND_GET_INSTALL_REFERRER_SERVICE" />
26-->[com.google.android.gms:play-services-measurement:21.5.1] AndroidManifest.xml:26:5-110
26-->[com.google.android.gms:play-services-measurement:21.5.1] AndroidManifest.xml:26:22-107
27
28    <permission
28-->[androidx.core:core:1.12.0] AndroidManifest.xml:22:5-24:47
29        android:name="com.memorytag.app.DYNAMIC_RECEIVER_NOT_EXPORTED_PERMISSION"
29-->[androidx.core:core:1.12.0] AndroidManifest.xml:23:9-81
30        android:protectionLevel="signature" />
30-->[androidx.core:core:1.12.0] AndroidManifest.xml:24:9-44
31
32    <uses-permission android:name="com.memorytag.app.DYNAMIC_RECEIVER_NOT_EXPORTED_PERMISSION" />
32-->[androidx.core:core:1.12.0] AndroidManifest.xml:26:5-97
32-->[androidx.core:core:1.12.0] AndroidManifest.xml:26:22-94
33
34    <application
34-->src/main/AndroidManifest.xml:16:5-62:19
35        android:allowBackup="true"
35-->src/main/AndroidManifest.xml:17:9-35
36        android:appComponentFactory="androidx.core.app.CoreComponentFactory"
36-->[androidx.core:core:1.12.0] AndroidManifest.xml:28:18-86
37        android:debuggable="true"
38        android:extractNativeLibs="false"
39        android:icon="@mipmap/ic_launcher"
39-->src/main/AndroidManifest.xml:18:9-43
40        android:label="@string/app_name"
40-->src/main/AndroidManifest.xml:19:9-41
41        android:roundIcon="@mipmap/ic_launcher_round"
41-->src/main/AndroidManifest.xml:20:9-54
42        android:supportsRtl="true"
42-->src/main/AndroidManifest.xml:21:9-35
43        android:theme="@style/Theme.MemoryTag"
43-->src/main/AndroidManifest.xml:22:9-47
44        android:usesCleartextTraffic="true" >
44-->src/main/AndroidManifest.xml:23:9-44
45
46        <!-- Activité principale : scan NFC -->
47        <activity
47-->src/main/AndroidManifest.xml:26:9-47:20
48            android:name="com.memorytag.app.ui.MainActivity"
48-->src/main/AndroidManifest.xml:27:13-44
49            android:exported="true"
49-->src/main/AndroidManifest.xml:28:13-36
50            android:launchMode="singleTop" >
50-->src/main/AndroidManifest.xml:29:13-43
51            <intent-filter>
51-->src/main/AndroidManifest.xml:30:13-33:29
52                <action android:name="android.intent.action.MAIN" />
52-->src/main/AndroidManifest.xml:31:17-69
52-->src/main/AndroidManifest.xml:31:25-66
53
54                <category android:name="android.intent.category.LAUNCHER" />
54-->src/main/AndroidManifest.xml:32:17-77
54-->src/main/AndroidManifest.xml:32:27-74
55            </intent-filter>
56
57            <!-- Intercepte les intents NFC NDEF (format standard) -->
58            <intent-filter>
58-->src/main/AndroidManifest.xml:36:13-40:29
59                <action android:name="android.nfc.action.NDEF_DISCOVERED" />
59-->src/main/AndroidManifest.xml:37:17-77
59-->src/main/AndroidManifest.xml:37:25-74
60
61                <category android:name="android.intent.category.DEFAULT" />
61-->src/main/AndroidManifest.xml:38:17-76
61-->src/main/AndroidManifest.xml:38:27-73
62
63                <data
63-->src/main/AndroidManifest.xml:39:17-77
64                    android:host="memorytag.app"
64-->src/main/AndroidManifest.xml:39:46-74
65                    android:scheme="https" />
65-->src/main/AndroidManifest.xml:39:23-45
66            </intent-filter>
67
68            <!-- Intercepte aussi les tags NFC génériques -->
69            <intent-filter>
69-->src/main/AndroidManifest.xml:43:13-46:29
70                <action android:name="android.nfc.action.TAG_DISCOVERED" />
70-->src/main/AndroidManifest.xml:44:17-76
70-->src/main/AndroidManifest.xml:44:25-73
71
72                <category android:name="android.intent.category.DEFAULT" />
72-->src/main/AndroidManifest.xml:38:17-76
72-->src/main/AndroidManifest.xml:38:27-73
73            </intent-filter>
74        </activity>
75
76        <!-- Activité d'affichage du souvenir -->
77        <activity
77-->src/main/AndroidManifest.xml:50:9-53:64
78            android:name="com.memorytag.app.ui.MemoryDetailActivity"
78-->src/main/AndroidManifest.xml:51:13-52
79            android:exported="false"
79-->src/main/AndroidManifest.xml:52:13-37
80            android:theme="@style/Theme.MemoryTag.Immersive" />
80-->src/main/AndroidManifest.xml:53:13-61
81
82        <!-- Activité de création d'un souvenir -->
83        <activity
83-->src/main/AndroidManifest.xml:57:9-61:54
84            android:name="com.memorytag.app.ui.CreateMemoryActivity"
84-->src/main/AndroidManifest.xml:58:13-52
85            android:exported="false"
85-->src/main/AndroidManifest.xml:59:13-37
86            android:theme="@style/Theme.MemoryTag"
86-->src/main/AndroidManifest.xml:61:13-51
87            android:windowSoftInputMode="adjustResize" />
87-->src/main/AndroidManifest.xml:60:13-55
88
89        <service
89-->[com.google.firebase:firebase-analytics-ktx:21.5.1] AndroidManifest.xml:8:9-14:19
90            android:name="com.google.firebase.components.ComponentDiscoveryService"
90-->[com.google.firebase:firebase-analytics-ktx:21.5.1] AndroidManifest.xml:9:13-84
91            android:directBootAware="true"
91-->[com.google.firebase:firebase-common:20.4.2] AndroidManifest.xml:32:13-43
92            android:exported="false" >
92-->[com.google.firebase:firebase-analytics-ktx:21.5.1] AndroidManifest.xml:10:13-37
93            <meta-data
93-->[com.google.firebase:firebase-analytics-ktx:21.5.1] AndroidManifest.xml:11:13-13:85
94                android:name="com.google.firebase.components:com.google.firebase.analytics.ktx.FirebaseAnalyticsLegacyRegistrar"
94-->[com.google.firebase:firebase-analytics-ktx:21.5.1] AndroidManifest.xml:12:17-129
95                android:value="com.google.firebase.components.ComponentRegistrar" />
95-->[com.google.firebase:firebase-analytics-ktx:21.5.1] AndroidManifest.xml:13:17-82
96            <meta-data
96-->[com.google.firebase:firebase-firestore-ktx:24.10.2] AndroidManifest.xml:12:13-14:85
97                android:name="com.google.firebase.components:com.google.firebase.firestore.ktx.FirebaseFirestoreLegacyRegistrar"
97-->[com.google.firebase:firebase-firestore-ktx:24.10.2] AndroidManifest.xml:13:17-129
98                android:value="com.google.firebase.components.ComponentRegistrar" />
98-->[com.google.firebase:firebase-firestore-ktx:24.10.2] AndroidManifest.xml:14:17-82
99            <meta-data
99-->[com.google.firebase:firebase-firestore:24.10.2] AndroidManifest.xml:17:13-19:85
100                android:name="com.google.firebase.components:com.google.firebase.firestore.FirebaseFirestoreKtxRegistrar"
100-->[com.google.firebase:firebase-firestore:24.10.2] AndroidManifest.xml:18:17-122
101                android:value="com.google.firebase.components.ComponentRegistrar" />
101-->[com.google.firebase:firebase-firestore:24.10.2] AndroidManifest.xml:19:17-82
102            <meta-data
102-->[com.google.firebase:firebase-firestore:24.10.2] AndroidManifest.xml:20:13-22:85
103                android:name="com.google.firebase.components:com.google.firebase.firestore.FirestoreRegistrar"
103-->[com.google.firebase:firebase-firestore:24.10.2] AndroidManifest.xml:21:17-111
104                android:value="com.google.firebase.components.ComponentRegistrar" />
104-->[com.google.firebase:firebase-firestore:24.10.2] AndroidManifest.xml:22:17-82
105            <meta-data
105-->[com.google.android.gms:play-services-measurement-api:21.5.1] AndroidManifest.xml:37:13-39:85
106                android:name="com.google.firebase.components:com.google.firebase.analytics.connector.internal.AnalyticsConnectorRegistrar"
106-->[com.google.android.gms:play-services-measurement-api:21.5.1] AndroidManifest.xml:38:17-139
107                android:value="com.google.firebase.components.ComponentRegistrar" />
107-->[com.google.android.gms:play-services-measurement-api:21.5.1] AndroidManifest.xml:39:17-82
108            <meta-data
108-->[com.google.firebase:firebase-installations:17.2.0] AndroidManifest.xml:15:13-17:85
109                android:name="com.google.firebase.components:com.google.firebase.installations.FirebaseInstallationsKtxRegistrar"
109-->[com.google.firebase:firebase-installations:17.2.0] AndroidManifest.xml:16:17-130
110                android:value="com.google.firebase.components.ComponentRegistrar" />
110-->[com.google.firebase:firebase-installations:17.2.0] AndroidManifest.xml:17:17-82
111            <meta-data
111-->[com.google.firebase:firebase-installations:17.2.0] AndroidManifest.xml:18:13-20:85
112                android:name="com.google.firebase.components:com.google.firebase.installations.FirebaseInstallationsRegistrar"
112-->[com.google.firebase:firebase-installations:17.2.0] AndroidManifest.xml:19:17-127
113                android:value="com.google.firebase.components.ComponentRegistrar" />
113-->[com.google.firebase:firebase-installations:17.2.0] AndroidManifest.xml:20:17-82
114            <meta-data
114-->[com.google.firebase:firebase-common-ktx:20.4.2] AndroidManifest.xml:12:13-14:85
115                android:name="com.google.firebase.components:com.google.firebase.ktx.FirebaseCommonLegacyRegistrar"
115-->[com.google.firebase:firebase-common-ktx:20.4.2] AndroidManifest.xml:13:17-116
116                android:value="com.google.firebase.components.ComponentRegistrar" />
116-->[com.google.firebase:firebase-common-ktx:20.4.2] AndroidManifest.xml:14:17-82
117            <meta-data
117-->[com.google.firebase:firebase-common:20.4.2] AndroidManifest.xml:35:13-37:85
118                android:name="com.google.firebase.components:com.google.firebase.FirebaseCommonKtxRegistrar"
118-->[com.google.firebase:firebase-common:20.4.2] AndroidManifest.xml:36:17-109
119                android:value="com.google.firebase.components.ComponentRegistrar" />
119-->[com.google.firebase:firebase-common:20.4.2] AndroidManifest.xml:37:17-82
120        </service>
121
122        <property
122-->[com.google.android.gms:play-services-measurement-api:21.5.1] AndroidManifest.xml:30:9-32:61
123            android:name="android.adservices.AD_SERVICES_CONFIG"
123-->[com.google.android.gms:play-services-measurement-api:21.5.1] AndroidManifest.xml:31:13-65
124            android:resource="@xml/ga_ad_services_config" />
124-->[com.google.android.gms:play-services-measurement-api:21.5.1] AndroidManifest.xml:32:13-58
125
126        <provider
126-->[com.google.firebase:firebase-common:20.4.2] AndroidManifest.xml:23:9-28:39
127            android:name="com.google.firebase.provider.FirebaseInitProvider"
127-->[com.google.firebase:firebase-common:20.4.2] AndroidManifest.xml:24:13-77
128            android:authorities="com.memorytag.app.firebaseinitprovider"
128-->[com.google.firebase:firebase-common:20.4.2] AndroidManifest.xml:25:13-72
129            android:directBootAware="true"
129-->[com.google.firebase:firebase-common:20.4.2] AndroidManifest.xml:26:13-43
130            android:exported="false"
130-->[com.google.firebase:firebase-common:20.4.2] AndroidManifest.xml:27:13-37
131            android:initOrder="100" />
131-->[com.google.firebase:firebase-common:20.4.2] AndroidManifest.xml:28:13-36
132
133        <receiver
133-->[com.google.android.gms:play-services-measurement:21.5.1] AndroidManifest.xml:29:9-33:20
134            android:name="com.google.android.gms.measurement.AppMeasurementReceiver"
134-->[com.google.android.gms:play-services-measurement:21.5.1] AndroidManifest.xml:30:13-85
135            android:enabled="true"
135-->[com.google.android.gms:play-services-measurement:21.5.1] AndroidManifest.xml:31:13-35
136            android:exported="false" >
136-->[com.google.android.gms:play-services-measurement:21.5.1] AndroidManifest.xml:32:13-37
137        </receiver>
138
139        <service
139-->[com.google.android.gms:play-services-measurement:21.5.1] AndroidManifest.xml:35:9-38:40
140            android:name="com.google.android.gms.measurement.AppMeasurementService"
140-->[com.google.android.gms:play-services-measurement:21.5.1] AndroidManifest.xml:36:13-84
141            android:enabled="true"
141-->[com.google.android.gms:play-services-measurement:21.5.1] AndroidManifest.xml:37:13-35
142            android:exported="false" />
142-->[com.google.android.gms:play-services-measurement:21.5.1] AndroidManifest.xml:38:13-37
143        <service
143-->[com.google.android.gms:play-services-measurement:21.5.1] AndroidManifest.xml:39:9-43:72
144            android:name="com.google.android.gms.measurement.AppMeasurementJobService"
144-->[com.google.android.gms:play-services-measurement:21.5.1] AndroidManifest.xml:40:13-87
145            android:enabled="true"
145-->[com.google.android.gms:play-services-measurement:21.5.1] AndroidManifest.xml:41:13-35
146            android:exported="false"
146-->[com.google.android.gms:play-services-measurement:21.5.1] AndroidManifest.xml:42:13-37
147            android:permission="android.permission.BIND_JOB_SERVICE" />
147-->[com.google.android.gms:play-services-measurement:21.5.1] AndroidManifest.xml:43:13-69
148
149        <provider
149-->[androidx.emoji2:emoji2:1.2.0] AndroidManifest.xml:24:9-32:20
150            android:name="androidx.startup.InitializationProvider"
150-->[androidx.emoji2:emoji2:1.2.0] AndroidManifest.xml:25:13-67
151            android:authorities="com.memorytag.app.androidx-startup"
151-->[androidx.emoji2:emoji2:1.2.0] AndroidManifest.xml:26:13-68
152            android:exported="false" >
152-->[androidx.emoji2:emoji2:1.2.0] AndroidManifest.xml:27:13-37
153            <meta-data
153-->[androidx.emoji2:emoji2:1.2.0] AndroidManifest.xml:29:13-31:52
154                android:name="androidx.emoji2.text.EmojiCompatInitializer"
154-->[androidx.emoji2:emoji2:1.2.0] AndroidManifest.xml:30:17-75
155                android:value="androidx.startup" />
155-->[androidx.emoji2:emoji2:1.2.0] AndroidManifest.xml:31:17-49
156            <meta-data
156-->[androidx.lifecycle:lifecycle-process:2.7.0] AndroidManifest.xml:29:13-31:52
157                android:name="androidx.lifecycle.ProcessLifecycleInitializer"
157-->[androidx.lifecycle:lifecycle-process:2.7.0] AndroidManifest.xml:30:17-78
158                android:value="androidx.startup" />
158-->[androidx.lifecycle:lifecycle-process:2.7.0] AndroidManifest.xml:31:17-49
159            <meta-data
159-->[androidx.profileinstaller:profileinstaller:1.3.0] AndroidManifest.xml:29:13-31:52
160                android:name="androidx.profileinstaller.ProfileInstallerInitializer"
160-->[androidx.profileinstaller:profileinstaller:1.3.0] AndroidManifest.xml:30:17-85
161                android:value="androidx.startup" />
161-->[androidx.profileinstaller:profileinstaller:1.3.0] AndroidManifest.xml:31:17-49
162        </provider>
163
164        <activity
164-->[com.google.android.gms:play-services-base:18.0.1] AndroidManifest.xml:20:9-22:45
165            android:name="com.google.android.gms.common.api.GoogleApiActivity"
165-->[com.google.android.gms:play-services-base:18.0.1] AndroidManifest.xml:20:19-85
166            android:exported="false"
166-->[com.google.android.gms:play-services-base:18.0.1] AndroidManifest.xml:22:19-43
167            android:theme="@android:style/Theme.Translucent.NoTitleBar" />
167-->[com.google.android.gms:play-services-base:18.0.1] AndroidManifest.xml:21:19-78
168
169        <uses-library
169-->[androidx.privacysandbox.ads:ads-adservices:1.0.0-beta05] AndroidManifest.xml:23:9-25:40
170            android:name="android.ext.adservices"
170-->[androidx.privacysandbox.ads:ads-adservices:1.0.0-beta05] AndroidManifest.xml:24:13-50
171            android:required="false" />
171-->[androidx.privacysandbox.ads:ads-adservices:1.0.0-beta05] AndroidManifest.xml:25:13-37
172
173        <meta-data
173-->[com.google.android.gms:play-services-basement:18.1.0] AndroidManifest.xml:21:9-23:69
174            android:name="com.google.android.gms.version"
174-->[com.google.android.gms:play-services-basement:18.1.0] AndroidManifest.xml:22:13-58
175            android:value="@integer/google_play_services_version" />
175-->[com.google.android.gms:play-services-basement:18.1.0] AndroidManifest.xml:23:13-66
176
177        <receiver
177-->[androidx.profileinstaller:profileinstaller:1.3.0] AndroidManifest.xml:34:9-52:20
178            android:name="androidx.profileinstaller.ProfileInstallReceiver"
178-->[androidx.profileinstaller:profileinstaller:1.3.0] AndroidManifest.xml:35:13-76
179            android:directBootAware="false"
179-->[androidx.profileinstaller:profileinstaller:1.3.0] AndroidManifest.xml:36:13-44
180            android:enabled="true"
180-->[androidx.profileinstaller:profileinstaller:1.3.0] AndroidManifest.xml:37:13-35
181            android:exported="true"
181-->[androidx.profileinstaller:profileinstaller:1.3.0] AndroidManifest.xml:38:13-36
182            android:permission="android.permission.DUMP" >
182-->[androidx.profileinstaller:profileinstaller:1.3.0] AndroidManifest.xml:39:13-57
183            <intent-filter>
183-->[androidx.profileinstaller:profileinstaller:1.3.0] AndroidManifest.xml:40:13-42:29
184                <action android:name="androidx.profileinstaller.action.INSTALL_PROFILE" />
184-->[androidx.profileinstaller:profileinstaller:1.3.0] AndroidManifest.xml:41:17-91
184-->[androidx.profileinstaller:profileinstaller:1.3.0] AndroidManifest.xml:41:25-88
185            </intent-filter>
186            <intent-filter>
186-->[androidx.profileinstaller:profileinstaller:1.3.0] AndroidManifest.xml:43:13-45:29
187                <action android:name="androidx.profileinstaller.action.SKIP_FILE" />
187-->[androidx.profileinstaller:profileinstaller:1.3.0] AndroidManifest.xml:44:17-85
187-->[androidx.profileinstaller:profileinstaller:1.3.0] AndroidManifest.xml:44:25-82
188            </intent-filter>
189            <intent-filter>
189-->[androidx.profileinstaller:profileinstaller:1.3.0] AndroidManifest.xml:46:13-48:29
190                <action android:name="androidx.profileinstaller.action.SAVE_PROFILE" />
190-->[androidx.profileinstaller:profileinstaller:1.3.0] AndroidManifest.xml:47:17-88
190-->[androidx.profileinstaller:profileinstaller:1.3.0] AndroidManifest.xml:47:25-85
191            </intent-filter>
192            <intent-filter>
192-->[androidx.profileinstaller:profileinstaller:1.3.0] AndroidManifest.xml:49:13-51:29
193                <action android:name="androidx.profileinstaller.action.BENCHMARK_OPERATION" />
193-->[androidx.profileinstaller:profileinstaller:1.3.0] AndroidManifest.xml:50:17-95
193-->[androidx.profileinstaller:profileinstaller:1.3.0] AndroidManifest.xml:50:25-92
194            </intent-filter>
195        </receiver>
196    </application>
197
198</manifest>